[22:05:33.627] Global cache location '/home/sam/.cache/typescript/4.7', safe file path '/home/sam/.emacs.d/var/lsp/server/npm/typescript/lib/node_modules/typescript/lib/typingSafeList.json', types map path /home/sam/.emacs.d/var/lsp/server/npm/typescript/lib/node_modules/typescript/lib/typesMap.json
[22:05:33.628] Processing cache location '/home/sam/.cache/typescript/4.7'
[22:05:33.628] Trying to find '/home/sam/.cache/typescript/4.7/package.json'...
[22:05:33.714] Loaded content of '/home/sam/.cache/typescript/4.7/package.json': {"private":true,"dependencies":{"types-registry":"^0.1.607"},"devDependencies":{"@types/object-assign":"^4.0.30","@types/react":"^18.0.15","@types/react-dom":"^18.0.6","@types/react-router-dom":"^5.3.3","@types/scheduler":"^0.16.2"}}
[22:05:33.714] Loaded content of '/home/sam/.cache/typescript/4.7/package-lock.json'
[22:05:33.792] Adding entry into typings cache: 'object-assign' => '/home/sam/.cache/typescript/4.7/node_modules/@types/object-assign/index.d.ts'
[22:05:33.812] Adding entry into typings cache: 'react' => '/home/sam/.cache/typescript/4.7/node_modules/@types/react/index.d.ts'
[22:05:33.845] Adding entry into typings cache: 'react-dom' => '/home/sam/.cache/typescript/4.7/node_modules/@types/react-dom/index.d.ts'
[22:05:33.881] Adding entry into typings cache: 'react-router-dom' => '/home/sam/.cache/typescript/4.7/node_modules/@types/react-router-dom/index.d.ts'
[22:05:33.948] Adding entry into typings cache: 'scheduler' => '/home/sam/.cache/typescript/4.7/node_modules/@types/scheduler/index.d.ts'
[22:05:33.948] Finished processing cache location '/home/sam/.cache/typescript/4.7'
[22:05:33.949] Process id: 9970
[22:05:33.949] NPM location: /usr/bin/npm (explicit '--npmLocation' not  provided)
[22:05:33.949] validateDefaultNpmLocation: false
[22:05:33.949] Npm config file: /home/sam/.cache/typescript/4.7/package.json
[22:05:33.949] Updating types-registry npm package...
[22:05:33.950] Exec: /usr/bin/npm install --ignore-scripts types-registry@latest
[22:05:47.951]     Succeeded. stdout:
    
    changed 1 package, and audited 11 packages in 4s

found 0 vulnerabilities

[22:05:47.952] Updated types-registry npm package
