Info 0    [22:37:03.227] Starting TS Server
Info 1    [22:37:03.273] Version: 4.7.2
Info 2    [22:37:03.273] Arguments: /home/sam/.nvm/versions/node/v16.13.1/bin/node /home/sam/.emacs.d/var/lsp/server/npm/typescript/lib/node_modules/typescript/lib/tsserver.js --logFile /home/sam/hub/portfolio/.log/tsserver.log --logVerbosity info --cancellationPipeName /tmp/6c0acbde9202118a583030e340acd2e6/tscancellation*
Info 3    [22:37:03.273] Platform: linux NodeVersion: 16 CaseSensitive: true
Info 4    [22:37:03.273] ServerMode: undefined syntaxOnly: false hasUnknownServerMode: undefined
Info 5    [22:37:03.296] Format host information updated
Info 6    [22:37:03.936] Search path: /home/sam/hub/portfolio/src/pages/Contact
Info 7    [22:37:03.938] For info: /home/sam/hub/portfolio/src/pages/Contact/index.tsx :: Config file name: /home/sam/hub/portfolio/tsconfig.json
Info 8    [22:37:03.938] Creating configuration project /home/sam/hub/portfolio/tsconfig.json
Info 9    [22:37:03.990] Config: /home/sam/hub/portfolio/tsconfig.json : {
 "rootNames": [
  "/home/sam/hub/portfolio/src/App.tsx",
  "/home/sam/hub/portfolio/src/index.tsx",
  "/home/sam/hub/portfolio/src/react-app-env.d.ts",
  "/home/sam/hub/portfolio/src/components/EducationCard/EducationCard.tsx",
  "/home/sam/hub/portfolio/src/components/Navbar/LinksData.ts",
  "/home/sam/hub/portfolio/src/components/Navbar/Navbar.tsx",
  "/home/sam/hub/portfolio/src/components/ProjectCard/LinkButton.tsx",
  "/home/sam/hub/portfolio/src/components/ProjectCard/ProjectCard.tsx",
  "/home/sam/hub/portfolio/src/data/AboutData.ts",
  "/home/sam/hub/portfolio/src/data/ExperienceData.ts",
  "/home/sam/hub/portfolio/src/data/LinksData.tsx",
  "/home/sam/hub/portfolio/src/data/ProjectsData.ts",
  "/home/sam/hub/portfolio/src/data/SkillsData.tsx",
  "/home/sam/hub/portfolio/src/pages/Contact/index.tsx",
  "/home/sam/hub/portfolio/src/pages/Experience/index.tsx",
  "/home/sam/hub/portfolio/src/pages/Home/index.tsx",
  "/home/sam/hub/portfolio/src/pages/Projects/index.tsx",
  "/home/sam/hub/portfolio/src/pages/Skills/index.tsx",
  "/home/sam/hub/portfolio/src/utils/FramerAnimation.ts"
 ],
 "options": {
  "target": 1,
  "lib": [
   "lib.dom.d.ts",
   "lib.dom.iterable.d.ts",
   "lib.esnext.d.ts"
  ],
  "allowJs": true,
  "skipLibCheck": true,
  "esModuleInterop": true,
  "allowSyntheticDefaultImports": true,
  "strict": true,
  "forceConsistentCasingInFileNames": true,
  "noFallthroughCasesInSwitch": true,
  "module": 99,
  "moduleResolution": 2,
  "resolveJsonModule": true,
  "isolatedModules": true,
  "noEmit": true,
  "jsx": 4,
  "configFilePath": "/home/sam/hub/portfolio/tsconfig.json"
 }
}
Info 10   [22:37:04.007] Starting updateGraphWorker: Project: /home/sam/hub/portfolio/tsconfig.json
